<?xml version="1.0" encoding="UTF-8"?>
<testng-results skipped="0" failed="0" ignored="0" total="0" passed="0">
  <reporter-output>
  </reporter-output>
  <suite name="Surefire suite" duration-ms="7812" started-at="2021-11-04T11:56:11 CDT" finished-at="2021-11-04T11:56:19 CDT">
    <groups>
    </groups>
    <test name="Surefire test" duration-ms="7812" started-at="2021-11-04T11:56:11 CDT" finished-at="2021-11-04T11:56:19 CDT">
    </test> <!-- Surefire test -->
  </suite> <!-- Surefire suite -->
</testng-results>
